0 info it worked if it ends with ok
1 verbose cli [ '/usr/bin/nodejs', '/usr/bin/npm', 'run', 'deploy' ]
2 info using npm@3.10.9
3 info using node@v6.9.2
4 verbose stack Error: ENOENT: no such file or directory, open '/home/brandonpineda/Personal_Projects/react/BasedReviews/package.json'
4 verbose stack     at Error (native)
5 verbose cwd /home/brandonpineda/Personal_Projects/react/BasedReviews
6 error Linux 4.4.0-53-generic
7 error argv "/usr/bin/nodejs" "/usr/bin/npm" "run" "deploy"
8 error node v6.9.2
9 error npm  v3.10.9
10 error path /home/brandonpineda/Personal_Projects/react/BasedReviews/package.json
11 error code ENOENT
12 error errno -2
13 error syscall open
14 error enoent ENOENT: no such file or directory, open '/home/brandonpineda/Personal_Projects/react/BasedReviews/package.json'
15 error enoent ENOENT: no such file or directory, open '/home/brandonpineda/Personal_Projects/react/BasedReviews/package.json'
15 error enoent This is most likely not a problem with npm itself
15 error enoent and is related to npm not being able to find a file.
16 verbose exit [ -2, true ]
